mode: set
github.com/legion-platform/legion/legion/feedback-aggregator/pkg/utils/parser.go:26.65,31.33 3 1
github.com/legion-platform/legion/legion/feedback-aggregator/pkg/utils/parser.go:40.2,40.68 1 1
github.com/legion-platform/legion/legion/feedback-aggregator/pkg/utils/parser.go:49.2,49.80 1 1
github.com/legion-platform/legion/legion/feedback-aggregator/pkg/utils/parser.go:58.2,58.15 1 1
github.com/legion-platform/legion/legion/feedback-aggregator/pkg/utils/parser.go:31.33,33.46 2 0
github.com/legion-platform/legion/legion/feedback-aggregator/pkg/utils/parser.go:36.3,36.30 1 0
github.com/legion-platform/legion/legion/feedback-aggregator/pkg/utils/parser.go:33.46,35.4 1 0
github.com/legion-platform/legion/legion/feedback-aggregator/pkg/utils/parser.go:40.68,42.41 2 0
github.com/legion-platform/legion/legion/feedback-aggregator/pkg/utils/parser.go:45.3,45.28 1 0
github.com/legion-platform/legion/legion/feedback-aggregator/pkg/utils/parser.go:42.41,44.4 1 0
github.com/legion-platform/legion/legion/feedback-aggregator/pkg/utils/parser.go:49.80,51.65 2 0
github.com/legion-platform/legion/legion/feedback-aggregator/pkg/utils/parser.go:51.65,53.4 1 0
github.com/legion-platform/legion/legion/feedback-aggregator/pkg/utils/parser.go:53.9,55.4 1 0
github.com/legion-platform/legion/legion/feedback-aggregator/pkg/utils/handlers.go:27.34,29.2 1 1
github.com/legion-platform/legion/legion/feedback-aggregator/pkg/utils/handlers.go:31.45,35.49 3 1
github.com/legion-platform/legion/legion/feedback-aggregator/pkg/utils/handlers.go:40.2,41.25 2 1
github.com/legion-platform/legion/legion/feedback-aggregator/pkg/utils/handlers.go:46.2,58.16 5 1
github.com/legion-platform/legion/legion/feedback-aggregator/pkg/utils/handlers.go:35.49,38.3 2 0
github.com/legion-platform/legion/legion/feedback-aggregator/pkg/utils/handlers.go:41.25,44.3 2 1
github.com/legion-platform/legion/legion/feedback-aggregator/pkg/utils/handlers.go:58.16,61.3 2 0
github.com/legion-platform/legion/legion/feedback-aggregator/pkg/utils/handlers.go:61.8,63.3 1 1
github.com/legion-platform/legion/legion/feedback-aggregator/pkg/utils/handlers.go:66.36,68.2 1 1
github.com/legion-platform/legion/legion/feedback-aggregator/pkg/utils/http.go:36.39,40.2 3 1
github.com/legion-platform/legion/legion/feedback-aggregator/pkg/utils/http.go:43.84,44.30 1 1
github.com/legion-platform/legion/legion/feedback-aggregator/pkg/utils/http.go:44.30,49.3 4 1
github.com/legion-platform/legion/legion/feedback-aggregator/pkg/utils/http.go:53.77,56.45 2 0
github.com/legion-platform/legion/legion/feedback-aggregator/pkg/utils/http.go:61.2,69.16 3 0
github.com/legion-platform/legion/legion/feedback-aggregator/pkg/utils/http.go:74.2,81.18 6 0
github.com/legion-platform/legion/legion/feedback-aggregator/pkg/utils/http.go:56.45,59.3 2 0
github.com/legion-platform/legion/legion/feedback-aggregator/pkg/utils/http.go:69.16,72.3 2 0
